<?xml version="1.0" encoding="UTF-8"?>
<!-- Generated by org.testng.reporters.JUnitXMLReporter -->
<testsuite hostname="Wail" ignored="0" name="Hub Spot Functional Regression Test - chrome" tests="3" failures="0" timestamp="23 Apr 2020 07:01:48 GMT" time="65.121" errors="0">
  <testcase name="verifyLoginPageTitleTest" time="6.458" classname="com.qa.hubspot.tests.LoginPageTest"/>
  <testcase name="verifySignUpLinkTest" time="5.554" classname="com.qa.hubspot.tests.LoginPageTest"/>
  <testcase name="loginTest" time="7.588" classname="com.qa.hubspot.tests.LoginPageTest"/>
</testsuite> <!-- Hub Spot Functional Regression Test - chrome -->
