<?xml version="1.0" encoding="UTF-8"?>
<!-- Generated by org.testng.reporters.JUnitXMLReporter -->
<testsuite hostname="Wail" ignored="0" name="Hub Spot Functional Regression Test - chrome" tests="3" failures="0" timestamp="17 Apr 2020 06:46:22 GMT" time="44.906" errors="0">
  <testcase name="verifyLoginPageTitleTest" time="6.474" classname="com.qa.hubspot.tests.LoginPageTest"/>
  <testcase name="verifySignUpLinkTest" time="6.689" classname="com.qa.hubspot.tests.LoginPageTest"/>
  <testcase name="loginTest" time="8.449" classname="com.qa.hubspot.tests.LoginPageTest"/>
</testsuite> <!-- Hub Spot Functional Regression Test - chrome -->
