<?xml version="1.0" encoding="UTF-8"?>
<!-- Generated by org.testng.reporters.JUnitXMLReporter -->
<testsuite hostname="Wail" ignored="0" name="Hub Spot Functional Regression Test - FF" tests="3" failures="0" timestamp="20 Apr 2020 17:51:32 GMT" time="135.774" errors="0">
  <testcase name="verifyLoginPageTitleTest" time="6.026" classname="com.qa.hubspot.tests.LoginPageTest"/>
  <testcase name="verifySignUpLinkTest" time="4.649" classname="com.qa.hubspot.tests.LoginPageTest"/>
  <testcase name="loginTest" time="20.812" classname="com.qa.hubspot.tests.LoginPageTest"/>
</testsuite> <!-- Hub Spot Functional Regression Test - FF -->
