<?xml version="1.0" encoding="UTF-8"?>
<!-- Generated by org.testng.reporters.JUnitXMLReporter -->
<testsuite hostname="Wail" ignored="0" name="Hub Spot Functional Regression Test - FF" tests="3" failures="0" timestamp="17 Apr 2020 06:46:54 GMT" time="77.349" errors="0">
  <testcase name="verifyLoginPageTitleTest" time="7.006" classname="com.qa.hubspot.tests.LoginPageTest"/>
  <testcase name="verifySignUpLinkTest" time="6.032" classname="com.qa.hubspot.tests.LoginPageTest"/>
  <testcase name="loginTest" time="6.467" classname="com.qa.hubspot.tests.LoginPageTest"/>
</testsuite> <!-- Hub Spot Functional Regression Test - FF -->
