<?xml version="1.0" encoding="UTF-8"?>
<!-- Generated by org.testng.reporters.JUnitXMLReporter -->
<testsuite hostname="Wail" ignored="0" name="Default test" tests="3" failures="0" timestamp="14 Apr 2020 03:06:18 GMT" time="15.746" errors="0">
  <testcase name="verifyLoginPageTitleTest" time="6.18" classname="com.qa.hubspot.tests.LoginPageTest"/>
  <testcase name="verifySignUpLinkTest" time="0.152" classname="com.qa.hubspot.tests.LoginPageTest"/>
  <testcase name="loginTest" time="0.853" classname="com.qa.hubspot.tests.LoginPageTest"/>
</testsuite> <!-- Default test -->
