<?xml version="1.0" encoding="UTF-8"?>
<!-- Generated by org.testng.reporters.JUnitXMLReporter -->
<testsuite hostname="Wail" ignored="0" name="Hub Spot Functional Regression Test" tests="11" failures="0" timestamp="15 Apr 2020 19:51:42 GMT" time="154.404" errors="0">
  <testcase name="verifyLoginPageTitleTest" time="6.199" classname="com.qa.hubspot.tests.LoginPageTest"/>
  <testcase name="verifyHomePageTitleTest" time="0.035" classname="com.qa.hubspot.tests.HomePageTest"/>
  <testcase name="VerifyContactsPageTitle" time="1.427" classname="com.qa.hubspot.tests.ContactsPageTest"/>
  <testcase name="verifySignUpLinkTest" time="0.198" classname="com.qa.hubspot.tests.LoginPageTest"/>
  <testcase name="verifyHomePageHeaderTest" time="0.156" classname="com.qa.hubspot.tests.HomePageTest"/>
  <testcase name="createContactsTest" time="5.474" classname="com.qa.hubspot.tests.ContactsPageTest"/>
  <testcase name="createContactsTest" time="5.598" classname="com.qa.hubspot.tests.ContactsPageTest"/>
  <testcase name="createContactsTest" time="8.56" classname="com.qa.hubspot.tests.ContactsPageTest"/>
  <testcase name="createContactsTest" time="7.965" classname="com.qa.hubspot.tests.ContactsPageTest"/>
  <testcase name="loginTest" time="1.293" classname="com.qa.hubspot.tests.LoginPageTest"/>
  <testcase name="verifyUserAccountName" time="0.227" classname="com.qa.hubspot.tests.HomePageTest"/>
</testsuite> <!-- Hub Spot Functional Regression Test -->
