<?xml version="1.0" encoding="UTF-8"?>
<testng-results skipped="0" failed="0" ignored="0" total="6" passed="6">
  <reporter-output>
  </reporter-output>
  <suite name="Hub Spot Regression Suite" duration-ms="135774" started-at="2020-04-20T17:49:16Z" finished-at="2020-04-20T17:51:32Z">
    <groups>
    </groups>
    <test name="Hub Spot Functional Regression Test - chrome" duration-ms="67070" started-at="2020-04-20T17:49:16Z" finished-at="2020-04-20T17:50:23Z">
      <class name="com.qa.hubspot.tests.LoginPageTest">
        <test-method status="PASS" signature="setup(java.lang.String)[pri:0, instance:com.qa.hubspot.tests.LoginPageTest@5b69d40d]" name="setup" is-config="true" duration-ms="19949" started-at="2020-04-20T17:49:16Z" finished-at="2020-04-20T17:49:36Z">
          <params>
            <param index="0">
              <value>
                <![CDATA[chrome]]>
              </value>
            </param>
          </params>
          <reporter-output>
          </reporter-output>
        </test-method> <!-- setup -->
        <test-method status="PASS" signature="verifyLoginPageTitleTest()[pri:1, instance:com.qa.hubspot.tests.LoginPageTest@5b69d40d]" name="verifyLoginPageTitleTest" duration-ms="6550" started-at="2020-04-20T17:49:36Z" finished-at="2020-04-20T17:49:43Z">
          <reporter-output>
          </reporter-output>
        </test-method> <!-- verifyLoginPageTitleTest -->
        <test-method status="PASS" signature="setup(java.lang.String)[pri:0, instance:com.qa.hubspot.tests.LoginPageTest@5b69d40d]" name="setup" is-config="true" duration-ms="4648" started-at="2020-04-20T17:49:43Z" finished-at="2020-04-20T17:49:48Z">
          <params>
            <param index="0">
              <value>
                <![CDATA[chrome]]>
              </value>
            </param>
          </params>
          <reporter-output>
          </reporter-output>
        </test-method> <!-- setup -->
        <test-method status="PASS" signature="verifySignUpLinkTest()[pri:2, instance:com.qa.hubspot.tests.LoginPageTest@5b69d40d]" name="verifySignUpLinkTest" duration-ms="5690" started-at="2020-04-20T17:49:48Z" finished-at="2020-04-20T17:49:53Z">
          <reporter-output>
          </reporter-output>
        </test-method> <!-- verifySignUpLinkTest -->
        <test-method status="PASS" signature="setup(java.lang.String)[pri:0, instance:com.qa.hubspot.tests.LoginPageTest@5b69d40d]" name="setup" is-config="true" duration-ms="4591" started-at="2020-04-20T17:49:53Z" finished-at="2020-04-20T17:49:58Z">
          <params>
            <param index="0">
              <value>
                <![CDATA[chrome]]>
              </value>
            </param>
          </params>
          <reporter-output>
          </reporter-output>
        </test-method> <!-- setup -->
        <test-method status="PASS" signature="loginTest()[pri:3, instance:com.qa.hubspot.tests.LoginPageTest@5b69d40d]" name="loginTest" duration-ms="20748" started-at="2020-04-20T17:49:58Z" finished-at="2020-04-20T17:50:19Z">
          <reporter-output>
          </reporter-output>
        </test-method> <!-- loginTest -->
        <test-method status="PASS" signature="tearDown()[pri:0, instance:com.qa.hubspot.tests.LoginPageTest@5b69d40d]" name="tearDown" is-config="true" duration-ms="4104" started-at="2020-04-20T17:50:19Z" finished-at="2020-04-20T17:50:23Z">
          <reporter-output>
          </reporter-output>
        </test-method> <!-- tearDown -->
      </class> <!-- com.qa.hubspot.tests.LoginPageTest -->
    </test> <!-- Hub Spot Functional Regression Test - chrome -->
    <test name="Hub Spot Functional Regression Test - FF" duration-ms="135774" started-at="2020-04-20T17:49:16Z" finished-at="2020-04-20T17:51:32Z">
      <class name="com.qa.hubspot.tests.LoginPageTest">
        <test-method status="PASS" signature="setup(java.lang.String)[pri:0, instance:com.qa.hubspot.tests.LoginPageTest@584f5497]" name="setup" is-config="true" duration-ms="65571" started-at="2020-04-20T17:49:16Z" finished-at="2020-04-20T17:50:22Z">
          <params>
            <param index="0">
              <value>
                <![CDATA[firefox]]>
              </value>
            </param>
          </params>
          <reporter-output>
          </reporter-output>
        </test-method> <!-- setup -->
        <test-method status="PASS" signature="verifyLoginPageTitleTest()[pri:1, instance:com.qa.hubspot.tests.LoginPageTest@584f5497]" name="verifyLoginPageTitleTest" duration-ms="6026" started-at="2020-04-20T17:50:22Z" finished-at="2020-04-20T17:50:28Z">
          <reporter-output>
          </reporter-output>
        </test-method> <!-- verifyLoginPageTitleTest -->
        <test-method status="PASS" signature="setup(java.lang.String)[pri:0, instance:com.qa.hubspot.tests.LoginPageTest@584f5497]" name="setup" is-config="true" duration-ms="13948" started-at="2020-04-20T17:50:28Z" finished-at="2020-04-20T17:50:42Z">
          <params>
            <param index="0">
              <value>
                <![CDATA[firefox]]>
              </value>
            </param>
          </params>
          <reporter-output>
          </reporter-output>
        </test-method> <!-- setup -->
        <test-method status="PASS" signature="verifySignUpLinkTest()[pri:2, instance:com.qa.hubspot.tests.LoginPageTest@584f5497]" name="verifySignUpLinkTest" duration-ms="4649" started-at="2020-04-20T17:50:42Z" finished-at="2020-04-20T17:50:46Z">
          <reporter-output>
          </reporter-output>
        </test-method> <!-- verifySignUpLinkTest -->
        <test-method status="PASS" signature="setup(java.lang.String)[pri:0, instance:com.qa.hubspot.tests.LoginPageTest@584f5497]" name="setup" is-config="true" duration-ms="18340" started-at="2020-04-20T17:50:46Z" finished-at="2020-04-20T17:51:05Z">
          <params>
            <param index="0">
              <value>
                <![CDATA[firefox]]>
              </value>
            </param>
          </params>
          <reporter-output>
          </reporter-output>
        </test-method> <!-- setup -->
        <test-method status="PASS" signature="loginTest()[pri:3, instance:com.qa.hubspot.tests.LoginPageTest@584f5497]" name="loginTest" duration-ms="20812" started-at="2020-04-20T17:51:05Z" finished-at="2020-04-20T17:51:25Z">
          <reporter-output>
          </reporter-output>
        </test-method> <!-- loginTest -->
        <test-method status="PASS" signature="tearDown()[pri:0, instance:com.qa.hubspot.tests.LoginPageTest@584f5497]" name="tearDown" is-config="true" duration-ms="6207" started-at="2020-04-20T17:51:25Z" finished-at="2020-04-20T17:51:32Z">
          <reporter-output>
          </reporter-output>
        </test-method> <!-- tearDown -->
      </class> <!-- com.qa.hubspot.tests.LoginPageTest -->
    </test> <!-- Hub Spot Functional Regression Test - FF -->
  </suite> <!-- Hub Spot Regression Suite -->
</testng-results>
